2025-04-04 07:52:18.026021 - Received CBT.V508.FILE321.PDS from FILE321.XMI 
2025-04-04 07:52:18.027422 - Found $$$#DATE.txt (text/plain) in CBT.V508.FILE321.PDS, moved to PDS/$$$#DATE
2025-04-04 07:52:18.027580 - Found $$NOTE.txt (text/plain) in CBT.V508.FILE321.PDS, moved to PDS/$$NOTE
2025-04-04 07:52:18.027738 - Found $$NOTE01.txt (text/plain) in CBT.V508.FILE321.PDS, moved to PDS/$$NOTE01
2025-04-04 07:52:18.027896 - Found $README.txt (text/plain) in CBT.V508.FILE321.PDS, moved to PDS/$README
2025-04-04 07:52:18.028035 - Found $WHATSN.txt (text/plain) in CBT.V508.FILE321.PDS, moved to PDS/$WHATSN
2025-04-04 07:52:18.028167 - Found ##README.txt (text/plain) in CBT.V508.FILE321.PDS, moved to PDS/##README
2025-04-04 07:52:18.028303 - Found #PDSLOAD.jcl (text/plain) in CBT.V508.FILE321.PDS, moved to PDS/#PDSLOAD
2025-04-04 07:52:18.028439 - Found @FILE321.txt (text/plain) in CBT.V508.FILE321.PDS, moved to PDS/@FILE321
2025-04-04 07:52:18.028574 - Found COBALOAD.xmi (application/xmit) in CBT.V508.FILE321.PDS, moved to PDS/COBALOAD.xmi
2025-04-04 07:52:18.033772 - Received WSBG.ALBER2.COBALOAD from COBALOAD.xmi 
2025-04-04 07:52:18.034141 - Found COBANAL.bin (application/octet-stream) in WSBG.ALBER2.COBALOAD, moved to COBALOAD/COBANAL
2025-04-04 07:52:18.034457 - Found COBANAL.txt (text/plain) in CBT.V508.FILE321.PDS, moved to PDS/COBANAL
2025-04-04 07:52:18.034601 - Found COBANALJ.jcl (text/plain) in CBT.V508.FILE321.PDS, moved to PDS/COBANALJ
2025-04-04 07:52:18.034859 - Found COBANALZ.txt (text/plain) in CBT.V508.FILE321.PDS, moved to PDS/COBANALZ
2025-04-04 07:52:18.034989 - Found COBJCL.jcl (text/plain) in CBT.V508.FILE321.PDS, moved to PDS/COBJCL
2025-04-04 07:52:18.035124 - Found EXCI.txt (text/plain) in CBT.V508.FILE321.PDS, moved to PDS/EXCI
2025-04-04 07:52:18.035243 - Found EXCIJCL.jcl (text/plain) in CBT.V508.FILE321.PDS, moved to PDS/EXCIJCL
2025-04-04 07:52:18.035367 - Found EXCIRDO.txt (text/plain) in CBT.V508.FILE321.PDS, moved to PDS/EXCIRDO
2025-04-04 07:52:18.035495 - Found EXCISE.txt (text/plain) in CBT.V508.FILE321.PDS, moved to PDS/EXCISE
2025-04-04 07:52:18.035622 - Found PIDTABL$.txt (text/plain) in CBT.V508.FILE321.PDS, moved to PDS/PIDTABL$
2025-04-04 07:52:18.035737 - Found PIDTABLE.txt (text/plain) in CBT.V508.FILE321.PDS, moved to PDS/PIDTABLE
2025-04-04 07:52:18.035926 - Found SISPEXEC.txt (text/plain) in CBT.V508.FILE321.PDS, moved to PDS/SISPEXEC
2025-04-04 07:52:18.036060 - Found SISPLOAD.xmi (application/xmit) in CBT.V508.FILE321.PDS, moved to PDS/SISPLOAD.xmi
2025-04-04 07:52:18.045670 - Received SBGOLOB.COBA.SISPLOAD from SISPLOAD.xmi 
2025-04-04 07:52:18.046012 - Found ALBERPGM.bin (application/octet-stream) in SBGOLOB.COBA.SISPLOAD, moved to SISPLOAD/ALBERPGM
2025-04-04 07:52:18.046219 - Found COBANAL.bin (application/octet-stream) in SBGOLOB.COBA.SISPLOAD, moved to SISPLOAD/COBANAL
2025-04-04 07:52:18.046559 - Found SISPMENU.txt (text/plain) in CBT.V508.FILE321.PDS, moved to PDS/SISPMENU
2025-04-04 07:52:18.046709 - Found SISPPENU.bin (application/octet-stream) in CBT.V508.FILE321.PDS, moved to PDS/SISPPENU
2025-04-04 07:52:18.046828 - Found SISPTENU.bin (application/octet-stream) in CBT.V508.FILE321.PDS, moved to PDS/SISPTENU
2025-04-04 07:52:18.046944 - Found STCCHECK.txt (text/plain) in CBT.V508.FILE321.PDS, moved to PDS/STCCHECK
2025-04-04 07:52:18.047066 - Found STRING.txt (text/plain) in CBT.V508.FILE321.PDS, moved to PDS/STRING
2025-04-04 07:52:18.047193 - Found STRING64.txt (text/plain) in CBT.V508.FILE321.PDS, moved to PDS/STRING64
2025-04-04 07:52:18.047324 - Found SYEXCIC.txt (text/plain) in CBT.V508.FILE321.PDS, moved to PDS/SYEXCIC
2025-04-04 07:52:18.047445 - Found SYEXCIS.txt (text/plain) in CBT.V508.FILE321.PDS, moved to PDS/SYEXCIS
2025-04-04 07:52:18.047647 - Found ZOBANALZ.txt (text/plain) in CBT.V508.FILE321.PDS, moved to PDS/ZOBANALZ
